<?xml version="1.0" encoding="UTF-8"?>
<!-- Generated by org.testng.reporters.JUnitXMLReporter -->
<testsuite ignored="0" hostname="LAPTOP-S0IS0QVR" failures="0" tests="4" name="Test4" time="59.701" errors="0" timestamp="2022-09-14T11:24:51 IST">
  <testcase classname="AQAclass.A4_Information_Commands" name="@BeforeTest beforeTest" time="2.024">
    <failure type="org.openqa.selenium.SessionNotCreatedException" message="session not created: This version of ChromeDriver only supports Chrome version 103
Current browser version is 105.0.5195.102 with binary path C:\Program Files\Google\Chrome\Application\chrome.exe
Build info: version: &amp;apos;3.141.59&amp;apos;, revision: &amp;apos;e82be7d358&amp;apos;, time: &amp;apos;2018-11-14T08:17:03&amp;apos;
System info: host: &amp;apos;LAPTOP-S0IS0QVR&amp;apos;, ip: &amp;apos;192.168.0.101&amp;apos;, os.name: &amp;apos;Windows 11&amp;apos;, os.arch: &amp;apos;amd64&amp;apos;, os.version: &amp;apos;10.0&amp;apos;, java.version: &amp;apos;18.0.2.1&amp;apos;
Driver info: driver.version: ChromeDriver
remote stacktrace: Backtrace:
	Ordinal0 [0x011C6463+2188387]
	Ordinal0 [0x0115E461+1762401]
	Ordinal0 [0x01073D78+802168]
	Ordinal0 [0x01094E59+937561]
	Ordinal0 [0x01090A6C+920172]
	Ordinal0 [0x0108E331+910129]
	Ordinal0 [0x010C1430+1119280]
	Ordinal0 [0x010C108A+1118346]
	Ordinal0 [0x010BC5F6+1099254]
	Ordinal0 [0x01096BE0+945120]
	Ordinal0 [0x01097AD6+948950]
	GetHandleVerifier [0x014671F2+2712546]
	GetHandleVerifier [0x0145886D+2652765]
	GetHandleVerifier [0x0125002A+520730]
	GetHandleVerifier [0x0124EE06+516086]
	Ordinal0 [0x0116468B+1787531]
	Ordinal0 [0x01168E88+1805960]
	Ordinal0 [0x01168F75+1806197]
	Ordinal0 [0x01171DF1+1842673]
	BaseThreadInitThunk [0x764B6739+25]
	RtlGetFullPathName_UEx [0x778090AF+1215]
	RtlGetFullPathName_UEx [0x7780907D+1165]
">
      <![CDATA[org.openqa.selenium.SessionNotCreatedException: session not created: This version of ChromeDriver only supports Chrome version 103
Current browser version is 105.0.5195.102 with binary path C:\Program Files\Google\Chrome\Application\chrome.exe
Build info: version: '3.141.59', revision: 'e82be7d358', time: '2018-11-14T08:17:03'
System info: host: 'LAPTOP-S0IS0QVR', ip: '192.168.0.101', os.name: 'Windows 11', os.arch: 'amd64', os.version: '10.0', java.version: '18.0.2.1'
Driver info: driver.version: ChromeDriver
remote stacktrace: Backtrace:
Ordinal0 [0x011C6463+2188387]
Ordinal0 [0x0115E461+1762401]
Ordinal0 [0x01073D78+802168]
Ordinal0 [0x01094E59+937561]
Ordinal0 [0x01090A6C+920172]
Ordinal0 [0x0108E331+910129]
Ordinal0 [0x010C1430+1119280]
Ordinal0 [0x010C108A+1118346]
Ordinal0 [0x010BC5F6+1099254]
Ordinal0 [0x01096BE0+945120]
Ordinal0 [0x01097AD6+948950]
GetHandleVerifier [0x014671F2+2712546]
GetHandleVerifier [0x0145886D+2652765]
GetHandleVerifier [0x0125002A+520730]
GetHandleVerifier [0x0124EE06+516086]
Ordinal0 [0x0116468B+1787531]
Ordinal0 [0x01168E88+1805960]
Ordinal0 [0x01168F75+1806197]
Ordinal0 [0x01171DF1+1842673]
BaseThreadInitThunk [0x764B6739+25]
RtlGetFullPathName_UEx [0x778090AF+1215]
RtlGetFullPathName_UEx [0x7780907D+1165]

at org.openqa.selenium.remote.W3CHandshakeResponse.lambda$errorHandler$0(W3CHandshakeResponse.java:62)
at org.openqa.selenium.remote.HandshakeResponse.lambda$getResponseFunction$0(HandshakeResponse.java:30)
at org.openqa.selenium.remote.ProtocolHandshake.lambda$createSession$0(ProtocolHandshake.java:126)
at java.base/java.util.stream.ReferencePipeline$3$1.accept(ReferencePipeline.java:197)
at java.base/java.util.Spliterators$ArraySpliterator.tryAdvance(Spliterators.java:1002)
at java.base/java.util.stream.ReferencePipeline.forEachWithCancel(ReferencePipeline.java:129)
at java.base/java.util.stream.AbstractPipeline.copyIntoWithCancel(AbstractPipeline.java:527)
at java.base/java.util.stream.AbstractPipeline.copyInto(AbstractPipeline.java:513)
at java.base/java.util.stream.AbstractPipeline.wrapAndCopyInto(AbstractPipeline.java:499)
at java.base/java.util.stream.FindOps$FindOp.evaluateSequential(FindOps.java:150)
at java.base/java.util.stream.AbstractPipeline.evaluate(AbstractPipeline.java:234)
at java.base/java.util.stream.ReferencePipeline.findFirst(ReferencePipeline.java:647)
at org.openqa.selenium.remote.ProtocolHandshake.createSession(ProtocolHandshake.java:128)
at org.openqa.selenium.remote.ProtocolHandshake.createSession(ProtocolHandshake.java:74)
at org.openqa.selenium.remote.HttpCommandExecutor.execute(HttpCommandExecutor.java:136)
at org.openqa.selenium.remote.service.DriverCommandExecutor.execute(DriverCommandExecutor.java:83)
at org.openqa.selenium.remote.RemoteWebDriver.execute(RemoteWebDriver.java:552)
at org.openqa.selenium.remote.RemoteWebDriver.startSession(RemoteWebDriver.java:213)
at org.openqa.selenium.remote.RemoteWebDriver.<init>(RemoteWebDriver.java:131)
at org.openqa.selenium.chrome.ChromeDriver.<init>(ChromeDriver.java:181)
at org.openqa.selenium.chrome.ChromeDriver.<init>(ChromeDriver.java:168)
at org.openqa.selenium.chrome.ChromeDriver.<init>(ChromeDriver.java:123)
at AQAclass.A4_Information_Commands.beforeTest(A4_Information_Commands.java:65)
... Removed 25 stack frames]]>
    </failure>
  </testcase> <!-- @BeforeTest beforeTest -->
  <testcase classname="AQAclass.A1_Alerts" name="@AfterTest afterTest" time="-1.663134891597E9">
    <skipped/>
  </testcase> <!-- @AfterTest afterTest -->
  <testcase classname="AQAclass.A4_Information_Commands" name="@AfterTest afterTest" time="-1.6631348916E9">
    <skipped/>
  </testcase> <!-- @AfterTest afterTest -->
  <testcase classname="AQAclass.A1_Alerts" name="handlingalerts" time="0.0">
    <skipped/>
  </testcase> <!-- handlingalerts -->
  <testcase classname="AQAclass.A4_Information_Commands" name="gmail" time="0.0">
    <skipped/>
  </testcase> <!-- gmail -->
  <testcase classname="AQAclass.A4_Information_Commands" name="google_image" time="0.0">
    <skipped/>
  </testcase> <!-- google_image -->
  <testcase classname="AQAclass.A4_Information_Commands" name="searchbutton" time="0.0">
    <skipped/>
  </testcase> <!-- searchbutton -->
</testsuite> <!-- Test4 -->
