<?xml version="1.0" encoding="UTF-8"?>
<!-- Generated by org.testng.reporters.JUnitXMLReporter -->
<testsuite ignored="0" hostname="LAPTOP-S0IS0QVR" failures="0" tests="3" name="Process_Pratap_Testing" time="21.307" errors="0" timestamp="2022-05-06T10:39:12 IST">
  <testcase classname="BHighlevelBases.B17_Ajaxcontrol" name="@BeforeTest beforeTest" time="3.277">
    <failure type="org.openqa.selenium.WebDriverException" message="unknown error: cannot determine loading status
from disconnected: received Inspector.detached event
  (Session info: chrome=101.0.4951.54)
Build info: version: &amp;apos;3.141.59&amp;apos;, revision: &amp;apos;e82be7d358&amp;apos;, time: &amp;apos;2018-11-14T08:17:03&amp;apos;
System info: host: &amp;apos;LAPTOP-S0IS0QVR&amp;apos;, ip: &amp;apos;192.168.67.203&amp;apos;, os.name: &amp;apos;Windows 10&amp;apos;, os.arch: &amp;apos;amd64&amp;apos;, os.version: &amp;apos;10.0&amp;apos;, java.version: &amp;apos;14.0.1&amp;apos;
Driver info: org.openqa.selenium.chrome.ChromeDriver
Capabilities {acceptInsecureCerts: false, browserName: chrome, browserVersion: 101.0.4951.54, chrome: {chromedriverVersion: 101.0.4951.41 (93c720db8323..., userDataDir: C:\Users\Charvik\AppData\Lo...}, goog:chromeOptions: {debuggerAddress: localhost:53781}, javascriptEnabled: true, networkConnectionEnabled: false, pageLoadStrategy: normal, platform: WINDOWS, platformName: WINDOWS, proxy: Proxy(), setWindowRect: true, strictFileInteractability: false, timeouts: {implicit: 0, pageLoad: 300000, script: 30000}, unhandledPromptBehavior: dismiss and notify, webauthn:extension:credBlob: true, webauthn:extension:largeBlob: true, webauthn:virtualAuthenticators: true}
Session ID: fc384277852bf8aa2c4bb475b2973f47">
      <![CDATA[org.openqa.selenium.WebDriverException: unknown error: cannot determine loading status
from disconnected: received Inspector.detached event
  (Session info: chrome=101.0.4951.54)
Build info: version: '3.141.59', revision: 'e82be7d358', time: '2018-11-14T08:17:03'
System info: host: 'LAPTOP-S0IS0QVR', ip: '192.168.67.203', os.name: 'Windows 10', os.arch: 'amd64', os.version: '10.0', java.version: '14.0.1'
Driver info: org.openqa.selenium.chrome.ChromeDriver
Capabilities {acceptInsecureCerts: false, browserName: chrome, browserVersion: 101.0.4951.54, chrome: {chromedriverVersion: 101.0.4951.41 (93c720db8323..., userDataDir: C:\Users\Charvik\AppData\Lo...}, goog:chromeOptions: {debuggerAddress: localhost:53781}, javascriptEnabled: true, networkConnectionEnabled: false, pageLoadStrategy: normal, platform: WINDOWS, platformName: WINDOWS, proxy: Proxy(), setWindowRect: true, strictFileInteractability: false, timeouts: {implicit: 0, pageLoad: 300000, script: 30000}, unhandledPromptBehavior: dismiss and notify, webauthn:extension:credBlob: true, webauthn:extension:largeBlob: true, webauthn:virtualAuthenticators: true}
Session ID: fc384277852bf8aa2c4bb475b2973f47
at org.openqa.selenium.remote.http.W3CHttpResponseCodec.createException(W3CHttpResponseCodec.java:187)
at org.openqa.selenium.remote.http.W3CHttpResponseCodec.decode(W3CHttpResponseCodec.java:122)
at org.openqa.selenium.remote.http.W3CHttpResponseCodec.decode(W3CHttpResponseCodec.java:49)
at org.openqa.selenium.remote.HttpCommandExecutor.execute(HttpCommandExecutor.java:158)
at org.openqa.selenium.remote.service.DriverCommandExecutor.execute(DriverCommandExecutor.java:83)
at org.openqa.selenium.remote.RemoteWebDriver.execute(RemoteWebDriver.java:552)
at org.openqa.selenium.remote.RemoteWebDriver.get(RemoteWebDriver.java:277)
at BHighlevelBases.B17_Ajaxcontrol.beforeTest(B17_Ajaxcontrol.java:56)
... Removed 29 stack frames]]>
    </failure>
  </testcase> <!-- @BeforeTest beforeTest -->
  <testcase classname="AQAclass.A7_INR_optionsvalidation" name="@AfterTest afterTest" time="-1.651813752283E9">
    <skipped/>
  </testcase> <!-- @AfterTest afterTest -->
  <testcase classname="BHighlevelBases.B12_Assert1" name="@AfterTest afterTest" time="-1.651813752285E9">
    <skipped/>
  </testcase> <!-- @AfterTest afterTest -->
  <testcase classname="BHighlevelBases.B17_Ajaxcontrol" name="@AfterTest afterTest" time="-1.651813752289E9">
    <skipped/>
  </testcase> <!-- @AfterTest afterTest -->
  <testcase classname="AQAclass.A7_INR_optionsvalidation" name="options" time="0.0">
    <skipped/>
  </testcase> <!-- options -->
  <testcase classname="BHighlevelBases.B12_Assert1" name="fun" time="0.0">
    <skipped/>
  </testcase> <!-- fun -->
  <testcase classname="BHighlevelBases.B17_Ajaxcontrol" name="clickable" time="0.0">
    <skipped/>
  </testcase> <!-- clickable -->
</testsuite> <!-- Process_Pratap_Testing -->
